<?xml version="1.0" encoding="UTF-8"?>
<!-- Generated by org.testng.reporters.JUnitReportReporter -->
<testsuite hostname="idea-PC" failures="0" tests="4" name="com.crm.qa.testcases.HomePageTest" time="106.578" errors="0" timestamp="12 Oct 2019 12:45:09 GMT" skipped="0">
  <testcase classname="com.crm.qa.testcases.HomePageTest" name="verifyHomePageTitleTest" time="29.723"/>
  <testcase classname="com.crm.qa.testcases.HomePageTest" name="verifyUserNameTest" time="24.750"/>
  <testcase classname="com.crm.qa.testcases.HomePageTest" name="verifyContactsLinksTest" time="27.154"/>
  <testcase classname="com.crm.qa.testcases.HomePageTest" name="verifyTasksLinksTest" time="24.951"/>
</testsuite> <!-- com.crm.qa.testcases.HomePageTest -->
